<?xml version="1.0" encoding="UTF-8"?>
<testng-results skipped="0" failed="0" ignored="0" total="1" passed="1">
  <reporter-output>
  </reporter-output>
  <suite name="Default suite" duration-ms="21377" started-at="2022-01-12T06:28:48Z" finished-at="2022-01-12T06:29:09Z">
    <groups>
    </groups>
    <test name="Default test" duration-ms="21377" started-at="2022-01-12T06:28:48Z" finished-at="2022-01-12T06:29:09Z">
      <class name="Testscripts.Testscriptfor_fb">
        <test-method status="PASS" signature="openAppl()[pri:0, instance:Testscripts.Testscriptfor_fb@3abbfa04]" name="openAppl" is-config="true" duration-ms="12055" started-at="2022-01-12T06:28:48Z" finished-at="2022-01-12T06:29:00Z">
          <reporter-output>
          </reporter-output>
        </test-method> <!-- openAppl -->
        <test-method status="PASS" signature="Script()[pri:0, instance:Testscripts.Testscriptfor_fb@3abbfa04]" name="Script" duration-ms="6714" started-at="2022-01-12T06:29:00Z" finished-at="2022-01-12T06:29:07Z">
          <reporter-output>
          </reporter-output>
        </test-method> <!-- Script -->
        <test-method status="PASS" signature="closeAppl(org.testng.ITestResult)[pri:0, instance:Testscripts.Testscriptfor_fb@3abbfa04]" name="closeAppl" is-config="true" duration-ms="2553" started-at="2022-01-12T06:29:07Z" finished-at="2022-01-12T06:29:09Z">
          <params>
            <param index="0">
              <value>
                <![CDATA[[TestResult name=Script status=SUCCESS method=Testscriptfor_fb.Script()[pri:0, instance:Testscripts.Testscriptfor_fb@3abbfa04] output={null}]]]>
              </value>
            </param>
          </params>
          <reporter-output>
          </reporter-output>
        </test-method> <!-- closeAppl -->
      </class> <!-- Testscripts.Testscriptfor_fb -->
    </test> <!-- Default test -->
  </suite> <!-- Default suite -->
</testng-results>
